[ 2016-08-28T19:58:46+08:00 ] 127.0.0.1 /oop/
INFO: [ app_init ] --START--
INFO: Run Behavior\BuildLiteBehavior [ RunTime:0.000060s ]
INFO: [ app_init ] --END-- [ RunTime:0.000317s ]
INFO: [ app_begin ] --START--
INFO: Run Behavior\ReadHtmlCacheBehavior [ RunTime:0.001341s ]
INFO: [ app_begin ] --END-- [ RunTime:0.001521s ]
INFO: [ view_parse ] --START--
INFO: [ template_filter ] --START--
INFO: Run Behavior\ContentReplaceBehavior [ RunTime:0.000098s ]
INFO: [ template_filter ] --END-- [ RunTime:0.000269s ]
INFO: Run Behavior\ParseTemplateBehavior [ RunTime:0.013556s ]
INFO: [ view_parse ] --END-- [ RunTime:0.013747s ]
INFO: [ view_filter ] --START--
INFO: Run Behavior\WriteHtmlCacheBehavior [ RunTime:0.001013s ]
INFO: [ view_filter ] --END-- [ RunTime:0.001175s ]
INFO: [ app_end ] --START--
INFO: Run Behavior\ShowPageTraceBehavior [ RunTime:0.001144s ]
INFO: [ app_end ] --END-- [ RunTime:0.001306s ]

[ 2016-08-28T20:15:35+08:00 ] 127.0.0.1 /oop/
INFO: [ app_init ] --START--
INFO: Run Behavior\BuildLiteBehavior [ RunTime:0.000037s ]
INFO: [ app_init ] --END-- [ RunTime:0.000667s ]
INFO: [ app_begin ] --START--
INFO: Run Behavior\ReadHtmlCacheBehavior [ RunTime:0.000844s ]
INFO: [ app_begin ] --END-- [ RunTime:0.001014s ]
INFO: [ view_parse ] --START--
INFO: Run Behavior\ParseTemplateBehavior [ RunTime:0.001001s ]
INFO: [ view_parse ] --END-- [ RunTime:0.001200s ]
INFO: [ view_filter ] --START--
INFO: Run Behavior\WriteHtmlCacheBehavior [ RunTime:0.000533s ]
INFO: [ view_filter ] --END-- [ RunTime:0.000705s ]
INFO: [ app_end ] --START--
INFO: Run Behavior\ShowPageTraceBehavior [ RunTime:0.000826s ]
INFO: [ app_end ] --END-- [ RunTime:0.000980s ]

[ 2016-08-28T20:15:44+08:00 ] 127.0.0.1 /oop/index.php
INFO: [ app_init ] --START--
INFO: Run Behavior\BuildLiteBehavior [ RunTime:0.000038s ]
INFO: [ app_init ] --END-- [ RunTime:0.000622s ]
INFO: [ app_begin ] --START--
INFO: Run Behavior\ReadHtmlCacheBehavior [ RunTime:0.001358s ]
INFO: [ app_begin ] --END-- [ RunTime:0.001564s ]
INFO: [ view_parse ] --START--
INFO: Run Behavior\ParseTemplateBehavior [ RunTime:0.000544s ]
INFO: [ view_parse ] --END-- [ RunTime:0.000706s ]
INFO: [ view_filter ] --START--
INFO: Run Behavior\WriteHtmlCacheBehavior [ RunTime:0.000427s ]
INFO: [ view_filter ] --END-- [ RunTime:0.000570s ]
INFO: [ app_end ] --START--
INFO: Run Behavior\ShowPageTraceBehavior [ RunTime:0.000673s ]
INFO: [ app_end ] --END-- [ RunTime:0.000823s ]

[ 2016-08-28T20:16:11+08:00 ] 127.0.0.1 /oop/index.php/home/express/express
INFO: [ app_init ] --START--
INFO: Run Behavior\BuildLiteBehavior [ RunTime:0.000034s ]
INFO: [ app_init ] --END-- [ RunTime:0.000610s ]
INFO: [ app_begin ] --START--
INFO: Run Behavior\ReadHtmlCacheBehavior [ RunTime:0.001313s ]
INFO: [ app_begin ] --END-- [ RunTime:0.001489s ]
ERR: 非法操作:express

[ 2016-08-28T20:16:19+08:00 ] 127.0.0.1 /oop/index.php/home/express/expresslist
INFO: [ app_init ] --START--
INFO: Run Behavior\BuildLiteBehavior [ RunTime:0.000032s ]
INFO: [ app_init ] --END-- [ RunTime:0.000536s ]
INFO: [ app_begin ] --START--
INFO: Run Behavior\ReadHtmlCacheBehavior [ RunTime:0.000629s ]
INFO: [ app_begin ] --END-- [ RunTime:0.000805s ]
SQL: SHOW COLUMNS FROM `content` [ RunTime:0.0013s ]
SQL: SELECT COUNT(*) AS tp_count FROM `content` LIMIT 1   [ RunTime:0.0004s ]
INFO: [ view_parse ] --START--
INFO: [ template_filter ] --START--
INFO: Run Behavior\ContentReplaceBehavior [ RunTime:0.000256s ]
INFO: [ template_filter ] --END-- [ RunTime:0.000646s ]
INFO: Run Behavior\ParseTemplateBehavior [ RunTime:0.076878s ]
INFO: [ view_parse ] --END-- [ RunTime:0.077255s ]
INFO: [ view_filter ] --START--
INFO: Run Behavior\WriteHtmlCacheBehavior [ RunTime:0.000819s ]
INFO: [ view_filter ] --END-- [ RunTime:0.001176s ]
INFO: [ app_end ] --START--
INFO: Run Behavior\ShowPageTraceBehavior [ RunTime:0.001449s ]
INFO: [ app_end ] --END-- [ RunTime:0.001882s ]

[ 2016-08-28T20:16:19+08:00 ] 127.0.0.1 /oop/index.php/Home/Express/showExpress?p=1&name=
INFO: [ app_init ] --START--
INFO: Run Behavior\BuildLiteBehavior [ RunTime:0.000036s ]
INFO: [ app_init ] --END-- [ RunTime:0.000618s ]
INFO: [ app_begin ] --START--
INFO: Run Behavior\ReadHtmlCacheBehavior [ RunTime:0.000851s ]
INFO: [ app_begin ] --END-- [ RunTime:0.001059s ]
SQL: SHOW COLUMNS FROM `content` [ RunTime:0.0009s ]
NOTIC: [8] Undefined variable: where D:\vip8888\1\oop\Application\Home\Controller\ExpressController.class.php 第 29 行.
SQL: SELECT COUNT(*) AS tp_count FROM `content` LIMIT 1   [ RunTime:0.0004s ]
NOTIC: [8] Undefined variable: where D:\vip8888\1\oop\Application\Home\Controller\ExpressController.class.php 第 31 行.
SQL: SELECT * FROM `content` LIMIT 0,4   [ RunTime:0.0005s ]

[ 2016-08-28T20:16:24+08:00 ] 127.0.0.1 /oop/index.php/Home/Express/showExpress?p=1&name=lll
INFO: [ app_init ] --START--
INFO: Run Behavior\BuildLiteBehavior [ RunTime:0.000052s ]
INFO: [ app_init ] --END-- [ RunTime:0.000628s ]
INFO: [ app_begin ] --START--
INFO: Run Behavior\ReadHtmlCacheBehavior [ RunTime:0.000685s ]
INFO: [ app_begin ] --END-- [ RunTime:0.000826s ]
SQL: SHOW COLUMNS FROM `content` [ RunTime:0.0007s ]
SQL: SELECT COUNT(*) AS tp_count FROM `content` WHERE `uname` LIKE '%lll%' LIMIT 1   [ RunTime:0.0003s ]
SQL: SELECT * FROM `content` WHERE `uname` LIKE '%lll%' LIMIT 0,4   [ RunTime:0.0003s ]

[ 2016-08-28T20:17:23+08:00 ] 127.0.0.1 /oop/index.php/Home/Express/showExpress?p=1&name=
INFO: [ app_init ] --START--
INFO: Run Behavior\BuildLiteBehavior [ RunTime:0.000035s ]
INFO: [ app_init ] --END-- [ RunTime:0.000599s ]
INFO: [ app_begin ] --START--
INFO: Run Behavior\ReadHtmlCacheBehavior [ RunTime:0.000745s ]
INFO: [ app_begin ] --END-- [ RunTime:0.000882s ]
SQL: SHOW COLUMNS FROM `content` [ RunTime:0.0007s ]
NOTIC: [8] Undefined variable: where D:\vip8888\1\oop\Application\Home\Controller\ExpressController.class.php 第 29 行.
SQL: SELECT COUNT(*) AS tp_count FROM `content` LIMIT 1   [ RunTime:0.0002s ]
NOTIC: [8] Undefined variable: where D:\vip8888\1\oop\Application\Home\Controller\ExpressController.class.php 第 31 行.
SQL: SELECT * FROM `content` LIMIT 0,4   [ RunTime:0.0003s ]

[ 2016-08-28T20:17:41+08:00 ] 127.0.0.1 /oop/index.php/Home/Express/showExpress?p=1&name=lll
INFO: [ app_init ] --START--
INFO: Run Behavior\BuildLiteBehavior [ RunTime:0.000033s ]
INFO: [ app_init ] --END-- [ RunTime:0.000620s ]
INFO: [ app_begin ] --START--
INFO: Run Behavior\ReadHtmlCacheBehavior [ RunTime:0.000792s ]
INFO: [ app_begin ] --END-- [ RunTime:0.000929s ]
SQL: SHOW COLUMNS FROM `content` [ RunTime:0.0007s ]
SQL: SELECT COUNT(*) AS tp_count FROM `content` WHERE `uname` LIKE '%lll%' LIMIT 1   [ RunTime:0.0004s ]
SQL: SELECT * FROM `content` WHERE `uname` LIKE '%lll%' LIMIT 0,4   [ RunTime:0.0003s ]

[ 2016-08-28T20:18:13+08:00 ] 127.0.0.1 /oop/index.php/Home/Express/showExpress?p=1&name=
INFO: [ app_init ] --START--
INFO: Run Behavior\BuildLiteBehavior [ RunTime:0.000035s ]
INFO: [ app_init ] --END-- [ RunTime:0.000622s ]
INFO: [ app_begin ] --START--
INFO: Run Behavior\ReadHtmlCacheBehavior [ RunTime:0.000809s ]
INFO: [ app_begin ] --END-- [ RunTime:0.000947s ]
SQL: SHOW COLUMNS FROM `content` [ RunTime:0.0007s ]
NOTIC: [8] Undefined variable: where D:\vip8888\1\oop\Application\Home\Controller\ExpressController.class.php 第 29 行.
SQL: SELECT COUNT(*) AS tp_count FROM `content` LIMIT 1   [ RunTime:0.0003s ]
NOTIC: [8] Undefined variable: where D:\vip8888\1\oop\Application\Home\Controller\ExpressController.class.php 第 31 行.
SQL: SELECT * FROM `content` LIMIT 0,4   [ RunTime:0.0003s ]

[ 2016-08-28T20:18:28+08:00 ] 127.0.0.1 /oop/index.php/Home/Express/showExpress?p=1&name=lll
INFO: [ app_init ] --START--
INFO: Run Behavior\BuildLiteBehavior [ RunTime:0.000033s ]
INFO: [ app_init ] --END-- [ RunTime:0.000583s ]
INFO: [ app_begin ] --START--
INFO: Run Behavior\ReadHtmlCacheBehavior [ RunTime:0.000821s ]
INFO: [ app_begin ] --END-- [ RunTime:0.000959s ]
SQL: SHOW COLUMNS FROM `content` [ RunTime:0.0007s ]
SQL: SELECT COUNT(*) AS tp_count FROM `content` WHERE `uname` LIKE '%lll%' LIMIT 1   [ RunTime:0.0003s ]
SQL: SELECT * FROM `content` WHERE `uname` LIKE '%lll%' LIMIT 0,4   [ RunTime:0.0003s ]

[ 2016-08-28T20:20:51+08:00 ] 127.0.0.1 /oop/index.php/Home/Express/showExpress?p=1&name=
INFO: [ app_init ] --START--
INFO: Run Behavior\BuildLiteBehavior [ RunTime:0.000035s ]
INFO: [ app_init ] --END-- [ RunTime:0.000624s ]
INFO: [ app_begin ] --START--
INFO: Run Behavior\ReadHtmlCacheBehavior [ RunTime:0.001034s ]
INFO: [ app_begin ] --END-- [ RunTime:0.001177s ]
SQL: SHOW COLUMNS FROM `content` [ RunTime:0.0007s ]
NOTIC: [8] Undefined variable: where D:\vip8888\1\oop\Application\Home\Controller\ExpressController.class.php 第 29 行.
SQL: SELECT COUNT(*) AS tp_count FROM `content` LIMIT 1   [ RunTime:0.0003s ]
NOTIC: [8] Undefined variable: where D:\vip8888\1\oop\Application\Home\Controller\ExpressController.class.php 第 31 行.
SQL: SELECT * FROM `content` LIMIT 0,4   [ RunTime:0.0003s ]

[ 2016-08-28T20:21:04+08:00 ] 127.0.0.1 /oop/index.php/Home/Express/showExpress?p=1&name=lll
INFO: [ app_init ] --START--
INFO: Run Behavior\BuildLiteBehavior [ RunTime:0.000039s ]
INFO: [ app_init ] --END-- [ RunTime:0.000607s ]
INFO: [ app_begin ] --START--
INFO: Run Behavior\ReadHtmlCacheBehavior [ RunTime:0.000799s ]
INFO: [ app_begin ] --END-- [ RunTime:0.000937s ]
SQL: SHOW COLUMNS FROM `content` [ RunTime:0.0007s ]
SQL: SELECT COUNT(*) AS tp_count FROM `content` WHERE `uname` LIKE '%lll%' LIMIT 1   [ RunTime:0.0003s ]
SQL: SELECT * FROM `content` WHERE `uname` LIKE '%lll%' LIMIT 0,4   [ RunTime:0.0003s ]

[ 2016-08-28T20:21:13+08:00 ] 127.0.0.1 /oop/index.php/Home/Express/showExpress?p=1&name=
INFO: [ app_init ] --START--
INFO: Run Behavior\BuildLiteBehavior [ RunTime:0.000060s ]
INFO: [ app_init ] --END-- [ RunTime:0.000781s ]
INFO: [ app_begin ] --START--
INFO: Run Behavior\ReadHtmlCacheBehavior [ RunTime:0.001068s ]
INFO: [ app_begin ] --END-- [ RunTime:0.001216s ]
SQL: SHOW COLUMNS FROM `content` [ RunTime:0.0007s ]
NOTIC: [8] Undefined variable: where D:\vip8888\1\oop\Application\Home\Controller\ExpressController.class.php 第 29 行.
SQL: SELECT COUNT(*) AS tp_count FROM `content` LIMIT 1   [ RunTime:0.0002s ]
NOTIC: [8] Undefined variable: where D:\vip8888\1\oop\Application\Home\Controller\ExpressController.class.php 第 31 行.
SQL: SELECT * FROM `content` LIMIT 0,4   [ RunTime:0.0003s ]

[ 2016-08-28T20:29:29+08:00 ] 127.0.0.1 /oop/index.php/Home/Express/showExpress?p=1&name=lll
INFO: [ app_init ] --START--
INFO: Run Behavior\BuildLiteBehavior [ RunTime:0.000034s ]
INFO: [ app_init ] --END-- [ RunTime:0.000604s ]
INFO: [ app_begin ] --START--
INFO: Run Behavior\ReadHtmlCacheBehavior [ RunTime:0.000805s ]
INFO: [ app_begin ] --END-- [ RunTime:0.000941s ]
SQL: SHOW COLUMNS FROM `content` [ RunTime:0.0006s ]
SQL: SELECT COUNT(*) AS tp_count FROM `content` WHERE `uname` LIKE '%lll%' LIMIT 1   [ RunTime:0.0003s ]
SQL: SELECT * FROM `content` WHERE `uname` LIKE '%lll%' LIMIT 0,4   [ RunTime:0.0003s ]

[ 2016-08-28T20:29:34+08:00 ] 127.0.0.1 /oop/index.php/Home/Express/showExpress?p=1&name=
INFO: [ app_init ] --START--
INFO: Run Behavior\BuildLiteBehavior [ RunTime:0.000035s ]
INFO: [ app_init ] --END-- [ RunTime:0.000590s ]
INFO: [ app_begin ] --START--
INFO: Run Behavior\ReadHtmlCacheBehavior [ RunTime:0.000799s ]
INFO: [ app_begin ] --END-- [ RunTime:0.000935s ]
SQL: SHOW COLUMNS FROM `content` [ RunTime:0.0007s ]
NOTIC: [8] Undefined variable: where D:\vip8888\1\oop\Application\Home\Controller\ExpressController.class.php 第 29 行.
SQL: SELECT COUNT(*) AS tp_count FROM `content` LIMIT 1   [ RunTime:0.0003s ]
NOTIC: [8] Undefined variable: where D:\vip8888\1\oop\Application\Home\Controller\ExpressController.class.php 第 31 行.
SQL: SELECT * FROM `content` LIMIT 0,4   [ RunTime:0.0003s ]

[ 2016-08-28T20:37:06+08:00 ] 127.0.0.1 /oop/index.php/home/express/expresslist
INFO: [ app_init ] --START--
INFO: Run Behavior\BuildLiteBehavior [ RunTime:0.000034s ]
INFO: [ app_init ] --END-- [ RunTime:0.000627s ]
INFO: [ app_begin ] --START--
INFO: Run Behavior\ReadHtmlCacheBehavior [ RunTime:0.000833s ]
INFO: [ app_begin ] --END-- [ RunTime:0.001006s ]
SQL: SHOW COLUMNS FROM `content` [ RunTime:0.0009s ]
SQL: SELECT COUNT(*) AS tp_count FROM `content` LIMIT 1   [ RunTime:0.0003s ]
INFO: [ view_parse ] --START--
INFO: [ template_filter ] --START--
INFO: Run Behavior\ContentReplaceBehavior [ RunTime:0.000133s ]
INFO: [ template_filter ] --END-- [ RunTime:0.000308s ]
INFO: Run Behavior\ParseTemplateBehavior [ RunTime:0.010303s ]
INFO: [ view_parse ] --END-- [ RunTime:0.010510s ]
INFO: [ view_filter ] --START--
INFO: Run Behavior\WriteHtmlCacheBehavior [ RunTime:0.000811s ]
INFO: [ view_filter ] --END-- [ RunTime:0.001011s ]
INFO: [ app_end ] --START--
INFO: Run Behavior\ShowPageTraceBehavior [ RunTime:0.000939s ]
INFO: [ app_end ] --END-- [ RunTime:0.001098s ]

[ 2016-08-28T20:37:06+08:00 ] 127.0.0.1 /oop/index.php/Home/Express/showExpress?p=1&name=
INFO: [ app_init ] --START--
INFO: Run Behavior\BuildLiteBehavior [ RunTime:0.000062s ]
INFO: [ app_init ] --END-- [ RunTime:0.000983s ]
INFO: [ app_begin ] --START--
INFO: Run Behavior\ReadHtmlCacheBehavior [ RunTime:0.000860s ]
INFO: [ app_begin ] --END-- [ RunTime:0.001008s ]
SQL: SHOW COLUMNS FROM `content` [ RunTime:0.0010s ]
NOTIC: [8] Undefined variable: where D:\vip8888\1\oop\Application\Home\Controller\ExpressController.class.php 第 29 行.
SQL: SELECT COUNT(*) AS tp_count FROM `content` LIMIT 1   [ RunTime:0.0006s ]
NOTIC: [8] Undefined variable: where D:\vip8888\1\oop\Application\Home\Controller\ExpressController.class.php 第 31 行.
SQL: SELECT * FROM `content` LIMIT 0,4   [ RunTime:0.0006s ]

[ 2016-08-28T20:41:55+08:00 ] 127.0.0.1 /oop/index.php/home/express/expresslist
INFO: [ app_init ] --START--
INFO: Run Behavior\BuildLiteBehavior [ RunTime:0.000055s ]
INFO: [ app_init ] --END-- [ RunTime:0.000984s ]
INFO: [ app_begin ] --START--
INFO: Run Behavior\ReadHtmlCacheBehavior [ RunTime:0.001815s ]
INFO: [ app_begin ] --END-- [ RunTime:0.002344s ]
SQL: SHOW COLUMNS FROM `content` [ RunTime:0.0008s ]
SQL: SELECT COUNT(*) AS tp_count FROM `content` LIMIT 1   [ RunTime:0.0002s ]
INFO: [ view_parse ] --START--
INFO: [ template_filter ] --START--
INFO: Run Behavior\ContentReplaceBehavior [ RunTime:0.000125s ]
INFO: [ template_filter ] --END-- [ RunTime:0.000299s ]
INFO: Run Behavior\ParseTemplateBehavior [ RunTime:0.009171s ]
INFO: [ view_parse ] --END-- [ RunTime:0.009397s ]
INFO: [ view_filter ] --START--
INFO: Run Behavior\WriteHtmlCacheBehavior [ RunTime:0.000644s ]
INFO: [ view_filter ] --END-- [ RunTime:0.000820s ]
INFO: [ app_end ] --START--
INFO: Run Behavior\ShowPageTraceBehavior [ RunTime:0.000800s ]
INFO: [ app_end ] --END-- [ RunTime:0.000948s ]

[ 2016-08-28T20:41:55+08:00 ] 127.0.0.1 /oop/index.php/Home/Express/showExpress?p=1&name=
INFO: [ app_init ] --START--
INFO: Run Behavior\BuildLiteBehavior [ RunTime:0.000065s ]
INFO: [ app_init ] --END-- [ RunTime:0.001015s ]
INFO: [ app_begin ] --START--
INFO: Run Behavior\ReadHtmlCacheBehavior [ RunTime:0.001272s ]
INFO: [ app_begin ] --END-- [ RunTime:0.001526s ]
SQL: SHOW COLUMNS FROM `content` [ RunTime:0.0007s ]
NOTIC: [8] Undefined variable: where D:\vip8888\1\oop\Application\Home\Controller\ExpressController.class.php 第 29 行.
SQL: SELECT COUNT(*) AS tp_count FROM `content` LIMIT 1   [ RunTime:0.0003s ]
NOTIC: [8] Undefined variable: where D:\vip8888\1\oop\Application\Home\Controller\ExpressController.class.php 第 31 行.
SQL: SELECT * FROM `content` LIMIT 0,4   [ RunTime:0.0004s ]

[ 2016-08-28T20:41:58+08:00 ] 127.0.0.1 /oop/index.php/Home/Express/showExpress?p=2&name=
INFO: [ app_init ] --START--
INFO: Run Behavior\BuildLiteBehavior [ RunTime:0.000035s ]
INFO: [ app_init ] --END-- [ RunTime:0.000589s ]
INFO: [ app_begin ] --START--
INFO: Run Behavior\ReadHtmlCacheBehavior [ RunTime:0.000764s ]
INFO: [ app_begin ] --END-- [ RunTime:0.000904s ]
SQL: SHOW COLUMNS FROM `content` [ RunTime:0.0008s ]
NOTIC: [8] Undefined variable: where D:\vip8888\1\oop\Application\Home\Controller\ExpressController.class.php 第 29 行.
SQL: SELECT COUNT(*) AS tp_count FROM `content` LIMIT 1   [ RunTime:0.0002s ]
NOTIC: [8] Undefined variable: where D:\vip8888\1\oop\Application\Home\Controller\ExpressController.class.php 第 31 行.
SQL: SELECT * FROM `content` LIMIT 4,4   [ RunTime:0.0003s ]

[ 2016-08-28T20:42:00+08:00 ] 127.0.0.1 /oop/index.php/Home/Express/showExpress?p=1&name=
INFO: [ app_init ] --START--
INFO: Run Behavior\BuildLiteBehavior [ RunTime:0.000037s ]
INFO: [ app_init ] --END-- [ RunTime:0.000693s ]
INFO: [ app_begin ] --START--
INFO: Run Behavior\ReadHtmlCacheBehavior [ RunTime:0.000758s ]
INFO: [ app_begin ] --END-- [ RunTime:0.000895s ]
SQL: SHOW COLUMNS FROM `content` [ RunTime:0.0006s ]
NOTIC: [8] Undefined variable: where D:\vip8888\1\oop\Application\Home\Controller\ExpressController.class.php 第 29 行.
SQL: SELECT COUNT(*) AS tp_count FROM `content` LIMIT 1   [ RunTime:0.0002s ]
NOTIC: [8] Undefined variable: where D:\vip8888\1\oop\Application\Home\Controller\ExpressController.class.php 第 31 行.
SQL: SELECT * FROM `content` LIMIT 0,4   [ RunTime:0.0003s ]

[ 2016-08-28T20:42:10+08:00 ] 127.0.0.1 /oop/index.php/Home/Express/showExpress?p=1&name=lll
INFO: [ app_init ] --START--
INFO: Run Behavior\BuildLiteBehavior [ RunTime:0.000034s ]
INFO: [ app_init ] --END-- [ RunTime:0.000584s ]
INFO: [ app_begin ] --START--
INFO: Run Behavior\ReadHtmlCacheBehavior [ RunTime:0.000766s ]
INFO: [ app_begin ] --END-- [ RunTime:0.000909s ]
SQL: SHOW COLUMNS FROM `content` [ RunTime:0.0007s ]
SQL: SELECT COUNT(*) AS tp_count FROM `content` WHERE `uname` LIKE '%lll%' LIMIT 1   [ RunTime:0.0003s ]
SQL: SELECT * FROM `content` WHERE `uname` LIKE '%lll%' LIMIT 0,4   [ RunTime:0.0003s ]

[ 2016-08-28T20:42:56+08:00 ] 127.0.0.1 /oop/index.php/home/express/expresslist
INFO: [ app_init ] --START--
INFO: Run Behavior\BuildLiteBehavior [ RunTime:0.000034s ]
INFO: [ app_init ] --END-- [ RunTime:0.000600s ]
INFO: [ app_begin ] --START--
INFO: Run Behavior\ReadHtmlCacheBehavior [ RunTime:0.000818s ]
INFO: [ app_begin ] --END-- [ RunTime:0.001027s ]
SQL: SHOW COLUMNS FROM `content` [ RunTime:0.0008s ]
SQL: SELECT COUNT(*) AS tp_count FROM `content` LIMIT 1   [ RunTime:0.0002s ]
INFO: [ view_parse ] --START--
INFO: [ template_filter ] --START--
INFO: Run Behavior\ContentReplaceBehavior [ RunTime:0.000186s ]
INFO: [ template_filter ] --END-- [ RunTime:0.000464s ]
INFO: Run Behavior\ParseTemplateBehavior [ RunTime:0.010433s ]
INFO: [ view_parse ] --END-- [ RunTime:0.010626s ]
INFO: [ view_filter ] --START--
INFO: Run Behavior\WriteHtmlCacheBehavior [ RunTime:0.000547s ]
INFO: [ view_filter ] --END-- [ RunTime:0.000709s ]
INFO: [ app_end ] --START--
INFO: Run Behavior\ShowPageTraceBehavior [ RunTime:0.000777s ]
INFO: [ app_end ] --END-- [ RunTime:0.000938s ]

[ 2016-08-28T20:42:56+08:00 ] 127.0.0.1 /oop/index.php/Home/Express/showExpress?p=1&name=
INFO: [ app_init ] --START--
INFO: Run Behavior\BuildLiteBehavior [ RunTime:0.000037s ]
INFO: [ app_init ] --END-- [ RunTime:0.000618s ]
INFO: [ app_begin ] --START--
INFO: Run Behavior\ReadHtmlCacheBehavior [ RunTime:0.001302s ]
INFO: [ app_begin ] --END-- [ RunTime:0.001561s ]
SQL: SHOW COLUMNS FROM `content` [ RunTime:0.0008s ]
NOTIC: [8] Undefined variable: where D:\vip8888\1\oop\Application\Home\Controller\ExpressController.class.php 第 29 行.
SQL: SELECT COUNT(*) AS tp_count FROM `content` LIMIT 1   [ RunTime:0.0003s ]
NOTIC: [8] Undefined variable: where D:\vip8888\1\oop\Application\Home\Controller\ExpressController.class.php 第 31 行.
SQL: SELECT * FROM `content` LIMIT 0,4   [ RunTime:0.0003s ]
INFO: [ view_parse ] --START--
INFO: [ template_filter ] --START--
INFO: Run Behavior\ContentReplaceBehavior [ RunTime:0.000147s ]
INFO: [ template_filter ] --END-- [ RunTime:0.000385s ]
NOTIC: [8] Undefined variable: res D:\vip8888\1\oop\Application\Runtime\Cache\Home\0e848890f8c055451436ac0a42afc014.php 第 9 行.
INFO: Run Behavior\ParseTemplateBehavior [ RunTime:0.013686s ]
INFO: [ view_parse ] --END-- [ RunTime:0.013902s ]
INFO: [ view_filter ] --START--
INFO: Run Behavior\WriteHtmlCacheBehavior [ RunTime:0.000923s ]
INFO: [ view_filter ] --END-- [ RunTime:0.001164s ]
INFO: [ app_end ] --START--
INFO: Run Behavior\ShowPageTraceBehavior [ RunTime:0.001390s ]
INFO: [ app_end ] --END-- [ RunTime:0.001580s ]

[ 2016-08-28T20:42:59+08:00 ] 127.0.0.1 /oop/index.php/Home/Express/showExpress?p=2&name=
INFO: [ app_init ] --START--
INFO: Run Behavior\BuildLiteBehavior [ RunTime:0.000035s ]
INFO: [ app_init ] --END-- [ RunTime:0.000601s ]
INFO: [ app_begin ] --START--
INFO: Run Behavior\ReadHtmlCacheBehavior [ RunTime:0.000765s ]
INFO: [ app_begin ] --END-- [ RunTime:0.000903s ]
SQL: SHOW COLUMNS FROM `content` [ RunTime:0.0006s ]
NOTIC: [8] Undefined variable: where D:\vip8888\1\oop\Application\Home\Controller\ExpressController.class.php 第 29 行.
SQL: SELECT COUNT(*) AS tp_count FROM `content` LIMIT 1   [ RunTime:0.0002s ]
NOTIC: [8] Undefined variable: where D:\vip8888\1\oop\Application\Home\Controller\ExpressController.class.php 第 31 行.
SQL: SELECT * FROM `content` LIMIT 4,4   [ RunTime:0.0003s ]
INFO: [ view_parse ] --START--
INFO: [ template_filter ] --START--
INFO: Run Behavior\ContentReplaceBehavior [ RunTime:0.000107s ]
INFO: [ template_filter ] --END-- [ RunTime:0.000288s ]
NOTIC: [8] Undefined variable: res D:\vip8888\1\oop\Application\Runtime\Cache\Home\0e848890f8c055451436ac0a42afc014.php 第 9 行.
INFO: Run Behavior\ParseTemplateBehavior [ RunTime:0.011078s ]
INFO: [ view_parse ] --END-- [ RunTime:0.011226s ]
INFO: [ view_filter ] --START--
INFO: Run Behavior\WriteHtmlCacheBehavior [ RunTime:0.000548s ]
INFO: [ view_filter ] --END-- [ RunTime:0.000677s ]
INFO: [ app_end ] --START--
INFO: Run Behavior\ShowPageTraceBehavior [ RunTime:0.000770s ]
INFO: [ app_end ] --END-- [ RunTime:0.000899s ]

[ 2016-08-28T20:43:01+08:00 ] 127.0.0.1 /oop/index.php/Home/Express/showExpress?p=1&name=
INFO: [ app_init ] --START--
INFO: Run Behavior\BuildLiteBehavior [ RunTime:0.000034s ]
INFO: [ app_init ] --END-- [ RunTime:0.000606s ]
INFO: [ app_begin ] --START--
INFO: Run Behavior\ReadHtmlCacheBehavior [ RunTime:0.000761s ]
INFO: [ app_begin ] --END-- [ RunTime:0.000898s ]
SQL: SHOW COLUMNS FROM `content` [ RunTime:0.0011s ]
NOTIC: [8] Undefined variable: where D:\vip8888\1\oop\Application\Home\Controller\ExpressController.class.php 第 29 行.
SQL: SELECT COUNT(*) AS tp_count FROM `content` LIMIT 1   [ RunTime:0.0004s ]
NOTIC: [8] Undefined variable: where D:\vip8888\1\oop\Application\Home\Controller\ExpressController.class.php 第 31 行.
SQL: SELECT * FROM `content` LIMIT 0,4   [ RunTime:0.0004s ]
INFO: [ view_parse ] --START--
INFO: [ template_filter ] --START--
INFO: Run Behavior\ContentReplaceBehavior [ RunTime:0.000094s ]
INFO: [ template_filter ] --END-- [ RunTime:0.000246s ]
NOTIC: [8] Undefined variable: res D:\vip8888\1\oop\Application\Runtime\Cache\Home\0e848890f8c055451436ac0a42afc014.php 第 9 行.
INFO: Run Behavior\ParseTemplateBehavior [ RunTime:0.012245s ]
INFO: [ view_parse ] --END-- [ RunTime:0.012462s ]
INFO: [ view_filter ] --START--
INFO: Run Behavior\WriteHtmlCacheBehavior [ RunTime:0.000554s ]
INFO: [ view_filter ] --END-- [ RunTime:0.000680s ]
INFO: [ app_end ] --START--
INFO: Run Behavior\ShowPageTraceBehavior [ RunTime:0.000753s ]
INFO: [ app_end ] --END-- [ RunTime:0.000890s ]

[ 2016-08-28T20:43:03+08:00 ] 127.0.0.1 /oop/index.php/home/express/expresslist
INFO: [ app_init ] --START--
INFO: Run Behavior\BuildLiteBehavior [ RunTime:0.000035s ]
INFO: [ app_init ] --END-- [ RunTime:0.000628s ]
INFO: [ app_begin ] --START--
INFO: Run Behavior\ReadHtmlCacheBehavior [ RunTime:0.000837s ]
INFO: [ app_begin ] --END-- [ RunTime:0.001036s ]
SQL: SHOW COLUMNS FROM `content` [ RunTime:0.0007s ]
SQL: SELECT COUNT(*) AS tp_count FROM `content` LIMIT 1   [ RunTime:0.0002s ]
INFO: [ view_parse ] --START--
INFO: [ template_filter ] --START--
INFO: Run Behavior\ContentReplaceBehavior [ RunTime:0.000115s ]
INFO: [ template_filter ] --END-- [ RunTime:0.000305s ]
INFO: Run Behavior\ParseTemplateBehavior [ RunTime:0.009568s ]
INFO: [ view_parse ] --END-- [ RunTime:0.009766s ]
INFO: [ view_filter ] --START--
INFO: Run Behavior\WriteHtmlCacheBehavior [ RunTime:0.000536s ]
INFO: [ view_filter ] --END-- [ RunTime:0.000698s ]
INFO: [ app_end ] --START--
INFO: Run Behavior\ShowPageTraceBehavior [ RunTime:0.000778s ]
INFO: [ app_end ] --END-- [ RunTime:0.000931s ]

[ 2016-08-28T20:43:03+08:00 ] 127.0.0.1 /oop/index.php/Home/Express/showExpress?p=1&name=
INFO: [ app_init ] --START--
INFO: Run Behavior\BuildLiteBehavior [ RunTime:0.000036s ]
INFO: [ app_init ] --END-- [ RunTime:0.000732s ]
INFO: [ app_begin ] --START--
INFO: Run Behavior\ReadHtmlCacheBehavior [ RunTime:0.000863s ]
INFO: [ app_begin ] --END-- [ RunTime:0.001015s ]
SQL: SHOW COLUMNS FROM `content` [ RunTime:0.0009s ]
NOTIC: [8] Undefined variable: where D:\vip8888\1\oop\Application\Home\Controller\ExpressController.class.php 第 29 行.
SQL: SELECT COUNT(*) AS tp_count FROM `content` LIMIT 1   [ RunTime:0.0003s ]
NOTIC: [8] Undefined variable: where D:\vip8888\1\oop\Application\Home\Controller\ExpressController.class.php 第 31 行.
SQL: SELECT * FROM `content` LIMIT 0,4   [ RunTime:0.0004s ]
INFO: [ view_parse ] --START--
INFO: [ template_filter ] --START--
INFO: Run Behavior\ContentReplaceBehavior [ RunTime:0.000232s ]
INFO: [ template_filter ] --END-- [ RunTime:0.000464s ]
NOTIC: [8] Undefined variable: res D:\vip8888\1\oop\Application\Runtime\Cache\Home\0e848890f8c055451436ac0a42afc014.php 第 9 行.
INFO: Run Behavior\ParseTemplateBehavior [ RunTime:0.013286s ]
INFO: [ view_parse ] --END-- [ RunTime:0.013461s ]
INFO: [ view_filter ] --START--
INFO: Run Behavior\WriteHtmlCacheBehavior [ RunTime:0.000677s ]
INFO: [ view_filter ] --END-- [ RunTime:0.000874s ]
INFO: [ app_end ] --START--
INFO: Run Behavior\ShowPageTraceBehavior [ RunTime:0.001055s ]
INFO: [ app_end ] --END-- [ RunTime:0.001275s ]

[ 2016-08-28T20:43:19+08:00 ] 127.0.0.1 /oop/index.php/home/express/expresslist
INFO: [ app_init ] --START--
INFO: Run Behavior\BuildLiteBehavior [ RunTime:0.000034s ]
INFO: [ app_init ] --END-- [ RunTime:0.000610s ]
INFO: [ app_begin ] --START--
INFO: Run Behavior\ReadHtmlCacheBehavior [ RunTime:0.000809s ]
INFO: [ app_begin ] --END-- [ RunTime:0.000986s ]
SQL: SHOW COLUMNS FROM `content` [ RunTime:0.0009s ]
SQL: SELECT COUNT(*) AS tp_count FROM `content` LIMIT 1   [ RunTime:0.0002s ]
INFO: [ view_parse ] --START--
INFO: [ template_filter ] --START--
INFO: Run Behavior\ContentReplaceBehavior [ RunTime:0.000099s ]
INFO: [ template_filter ] --END-- [ RunTime:0.000260s ]
INFO: Run Behavior\ParseTemplateBehavior [ RunTime:0.009985s ]
INFO: [ view_parse ] --END-- [ RunTime:0.010161s ]
INFO: [ view_filter ] --START--
INFO: Run Behavior\WriteHtmlCacheBehavior [ RunTime:0.000579s ]
INFO: [ view_filter ] --END-- [ RunTime:0.000730s ]
INFO: [ app_end ] --START--
INFO: Run Behavior\ShowPageTraceBehavior [ RunTime:0.000817s ]
INFO: [ app_end ] --END-- [ RunTime:0.000972s ]

[ 2016-08-28T20:43:19+08:00 ] 127.0.0.1 /oop/index.php/Home/Express/showExpress?p=1&name=
INFO: [ app_init ] --START--
INFO: Run Behavior\BuildLiteBehavior [ RunTime:0.000034s ]
INFO: [ app_init ] --END-- [ RunTime:0.000634s ]
INFO: [ app_begin ] --START--
INFO: Run Behavior\ReadHtmlCacheBehavior [ RunTime:0.000845s ]
INFO: [ app_begin ] --END-- [ RunTime:0.000994s ]
SQL: SHOW COLUMNS FROM `content` [ RunTime:0.0007s ]
NOTIC: [8] Undefined variable: where D:\vip8888\1\oop\Application\Home\Controller\ExpressController.class.php 第 29 行.
SQL: SELECT COUNT(*) AS tp_count FROM `content` LIMIT 1   [ RunTime:0.0003s ]
NOTIC: [8] Undefined variable: where D:\vip8888\1\oop\Application\Home\Controller\ExpressController.class.php 第 31 行.
SQL: SELECT * FROM `content` LIMIT 0,4   [ RunTime:0.0004s ]
INFO: [ view_parse ] --START--
INFO: [ template_filter ] --START--
INFO: Run Behavior\ContentReplaceBehavior [ RunTime:0.000176s ]
INFO: [ template_filter ] --END-- [ RunTime:0.000467s ]
INFO: Run Behavior\ParseTemplateBehavior [ RunTime:0.014144s ]
INFO: [ view_parse ] --END-- [ RunTime:0.014354s ]
INFO: [ view_filter ] --START--
INFO: Run Behavior\WriteHtmlCacheBehavior [ RunTime:0.000950s ]
INFO: [ view_filter ] --END-- [ RunTime:0.001180s ]
INFO: [ app_end ] --START--
INFO: Run Behavior\ShowPageTraceBehavior [ RunTime:0.001268s ]
INFO: [ app_end ] --END-- [ RunTime:0.001503s ]

[ 2016-08-28T20:43:21+08:00 ] 127.0.0.1 /oop/index.php/Home/Express/showExpress?p=2&name=
INFO: [ app_init ] --START--
INFO: Run Behavior\BuildLiteBehavior [ RunTime:0.000036s ]
INFO: [ app_init ] --END-- [ RunTime:0.000626s ]
INFO: [ app_begin ] --START--
INFO: Run Behavior\ReadHtmlCacheBehavior [ RunTime:0.000780s ]
INFO: [ app_begin ] --END-- [ RunTime:0.000925s ]
SQL: SHOW COLUMNS FROM `content` [ RunTime:0.0006s ]
NOTIC: [8] Undefined variable: where D:\vip8888\1\oop\Application\Home\Controller\ExpressController.class.php 第 29 行.
SQL: SELECT COUNT(*) AS tp_count FROM `content` LIMIT 1   [ RunTime:0.0002s ]
NOTIC: [8] Undefined variable: where D:\vip8888\1\oop\Application\Home\Controller\ExpressController.class.php 第 31 行.
SQL: SELECT * FROM `content` LIMIT 4,4   [ RunTime:0.0003s ]
INFO: [ view_parse ] --START--
INFO: [ template_filter ] --START--
INFO: Run Behavior\ContentReplaceBehavior [ RunTime:0.000083s ]
INFO: [ template_filter ] --END-- [ RunTime:0.000215s ]
INFO: Run Behavior\ParseTemplateBehavior [ RunTime:0.010710s ]
INFO: [ view_parse ] --END-- [ RunTime:0.010868s ]
INFO: [ view_filter ] --START--
INFO: Run Behavior\WriteHtmlCacheBehavior [ RunTime:0.000528s ]
INFO: [ view_filter ] --END-- [ RunTime:0.000648s ]
INFO: [ app_end ] --START--
INFO: Run Behavior\ShowPageTraceBehavior [ RunTime:0.000768s ]
INFO: [ app_end ] --END-- [ RunTime:0.000898s ]

[ 2016-08-28T20:43:22+08:00 ] 127.0.0.1 /oop/index.php/Home/Express/showExpress?p=1&name=
INFO: [ app_init ] --START--
INFO: Run Behavior\BuildLiteBehavior [ RunTime:0.000033s ]
INFO: [ app_init ] --END-- [ RunTime:0.000645s ]
INFO: [ app_begin ] --START--
INFO: Run Behavior\ReadHtmlCacheBehavior [ RunTime:0.000801s ]
INFO: [ app_begin ] --END-- [ RunTime:0.000945s ]
SQL: SHOW COLUMNS FROM `content` [ RunTime:0.0006s ]
NOTIC: [8] Undefined variable: where D:\vip8888\1\oop\Application\Home\Controller\ExpressController.class.php 第 29 行.
SQL: SELECT COUNT(*) AS tp_count FROM `content` LIMIT 1   [ RunTime:0.0002s ]
NOTIC: [8] Undefined variable: where D:\vip8888\1\oop\Application\Home\Controller\ExpressController.class.php 第 31 行.
SQL: SELECT * FROM `content` LIMIT 0,4   [ RunTime:0.0003s ]
INFO: [ view_parse ] --START--
INFO: [ template_filter ] --START--
INFO: Run Behavior\ContentReplaceBehavior [ RunTime:0.000085s ]
INFO: [ template_filter ] --END-- [ RunTime:0.000219s ]
INFO: Run Behavior\ParseTemplateBehavior [ RunTime:0.011217s ]
INFO: [ view_parse ] --END-- [ RunTime:0.011474s ]
INFO: [ view_filter ] --START--
INFO: Run Behavior\WriteHtmlCacheBehavior [ RunTime:0.000648s ]
INFO: [ view_filter ] --END-- [ RunTime:0.000816s ]
INFO: [ app_end ] --START--
INFO: Run Behavior\ShowPageTraceBehavior [ RunTime:0.000788s ]
INFO: [ app_end ] --END-- [ RunTime:0.000919s ]

[ 2016-08-28T20:43:26+08:00 ] 127.0.0.1 /oop/index.php/Home/Express/showExpress?p=1&name=lll
INFO: [ app_init ] --START--
INFO: Run Behavior\BuildLiteBehavior [ RunTime:0.000034s ]
INFO: [ app_init ] --END-- [ RunTime:0.000611s ]
INFO: [ app_begin ] --START--
INFO: Run Behavior\ReadHtmlCacheBehavior [ RunTime:0.000774s ]
INFO: [ app_begin ] --END-- [ RunTime:0.000915s ]
SQL: SHOW COLUMNS FROM `content` [ RunTime:0.0006s ]
SQL: SELECT COUNT(*) AS tp_count FROM `content` WHERE `uname` LIKE '%lll%' LIMIT 1   [ RunTime:0.0003s ]
SQL: SELECT * FROM `content` WHERE `uname` LIKE '%lll%' LIMIT 0,4   [ RunTime:0.0003s ]
INFO: [ view_parse ] --START--
INFO: [ template_filter ] --START--
INFO: Run Behavior\ContentReplaceBehavior [ RunTime:0.000083s ]
INFO: [ template_filter ] --END-- [ RunTime:0.000216s ]
INFO: Run Behavior\ParseTemplateBehavior [ RunTime:0.010731s ]
INFO: [ view_parse ] --END-- [ RunTime:0.010877s ]
INFO: [ view_filter ] --START--
INFO: Run Behavior\WriteHtmlCacheBehavior [ RunTime:0.000522s ]
INFO: [ view_filter ] --END-- [ RunTime:0.000670s ]
INFO: [ app_end ] --START--
INFO: Run Behavior\ShowPageTraceBehavior [ RunTime:0.000871s ]
INFO: [ app_end ] --END-- [ RunTime:0.001022s ]

[ 2016-08-28T20:43:35+08:00 ] 127.0.0.1 /oop/index.php/Home/Express/showExpress?p=1&name=
INFO: [ app_init ] --START--
INFO: Run Behavior\BuildLiteBehavior [ RunTime:0.000034s ]
INFO: [ app_init ] --END-- [ RunTime:0.000614s ]
INFO: [ app_begin ] --START--
INFO: Run Behavior\ReadHtmlCacheBehavior [ RunTime:0.000792s ]
INFO: [ app_begin ] --END-- [ RunTime:0.000933s ]
SQL: SHOW COLUMNS FROM `content` [ RunTime:0.0006s ]
NOTIC: [8] Undefined variable: where D:\vip8888\1\oop\Application\Home\Controller\ExpressController.class.php 第 29 行.
SQL: SELECT COUNT(*) AS tp_count FROM `content` LIMIT 1   [ RunTime:0.0002s ]
NOTIC: [8] Undefined variable: where D:\vip8888\1\oop\Application\Home\Controller\ExpressController.class.php 第 31 行.
SQL: SELECT * FROM `content` LIMIT 0,4   [ RunTime:0.0002s ]
INFO: [ view_parse ] --START--
INFO: [ template_filter ] --START--
INFO: Run Behavior\ContentReplaceBehavior [ RunTime:0.000090s ]
INFO: [ template_filter ] --END-- [ RunTime:0.000236s ]
INFO: Run Behavior\ParseTemplateBehavior [ RunTime:0.011073s ]
INFO: [ view_parse ] --END-- [ RunTime:0.011244s ]
INFO: [ view_filter ] --START--
INFO: Run Behavior\WriteHtmlCacheBehavior [ RunTime:0.000602s ]
INFO: [ view_filter ] --END-- [ RunTime:0.000734s ]
INFO: [ app_end ] --START--
INFO: Run Behavior\ShowPageTraceBehavior [ RunTime:0.000805s ]
INFO: [ app_end ] --END-- [ RunTime:0.000934s ]

[ 2016-08-28T20:44:29+08:00 ] 127.0.0.1 /oop/index.php/Home/Express/showExpress?p=2&name=
INFO: [ app_init ] --START--
INFO: Run Behavior\BuildLiteBehavior [ RunTime:0.000165s ]
INFO: [ app_init ] --END-- [ RunTime:0.001457s ]
INFO: [ app_begin ] --START--
INFO: Run Behavior\ReadHtmlCacheBehavior [ RunTime:0.000803s ]
INFO: [ app_begin ] --END-- [ RunTime:0.000941s ]
SQL: SHOW COLUMNS FROM `content` [ RunTime:0.0008s ]
NOTIC: [8] Undefined variable: where D:\vip8888\1\oop\Application\Home\Controller\ExpressController.class.php 第 29 行.
SQL: SELECT COUNT(*) AS tp_count FROM `content` LIMIT 1   [ RunTime:0.0002s ]
NOTIC: [8] Undefined variable: where D:\vip8888\1\oop\Application\Home\Controller\ExpressController.class.php 第 31 行.
SQL: SELECT * FROM `content` LIMIT 4,4   [ RunTime:0.0003s ]
INFO: [ view_parse ] --START--
INFO: [ template_filter ] --START--
INFO: Run Behavior\ContentReplaceBehavior [ RunTime:0.000097s ]
INFO: [ template_filter ] --END-- [ RunTime:0.000248s ]
INFO: Run Behavior\ParseTemplateBehavior [ RunTime:0.010479s ]
INFO: [ view_parse ] --END-- [ RunTime:0.010653s ]
INFO: [ view_filter ] --START--
INFO: Run Behavior\WriteHtmlCacheBehavior [ RunTime:0.000587s ]
INFO: [ view_filter ] --END-- [ RunTime:0.000754s ]
INFO: [ app_end ] --START--
INFO: Run Behavior\ShowPageTraceBehavior [ RunTime:0.000830s ]
INFO: [ app_end ] --END-- [ RunTime:0.000960s ]

[ 2016-08-28T20:44:31+08:00 ] 127.0.0.1 /oop/index.php/Home/Express/showExpress?p=1&name=
INFO: [ app_init ] --START--
INFO: Run Behavior\BuildLiteBehavior [ RunTime:0.000032s ]
INFO: [ app_init ] --END-- [ RunTime:0.000578s ]
INFO: [ app_begin ] --START--
INFO: Run Behavior\ReadHtmlCacheBehavior [ RunTime:0.000820s ]
INFO: [ app_begin ] --END-- [ RunTime:0.000962s ]
SQL: SHOW COLUMNS FROM `content` [ RunTime:0.0006s ]
NOTIC: [8] Undefined variable: where D:\vip8888\1\oop\Application\Home\Controller\ExpressController.class.php 第 29 行.
SQL: SELECT COUNT(*) AS tp_count FROM `content` LIMIT 1   [ RunTime:0.0002s ]
NOTIC: [8] Undefined variable: where D:\vip8888\1\oop\Application\Home\Controller\ExpressController.class.php 第 31 行.
SQL: SELECT * FROM `content` LIMIT 0,4   [ RunTime:0.0003s ]
INFO: [ view_parse ] --START--
INFO: [ template_filter ] --START--
INFO: Run Behavior\ContentReplaceBehavior [ RunTime:0.000091s ]
INFO: [ template_filter ] --END-- [ RunTime:0.000242s ]
INFO: Run Behavior\ParseTemplateBehavior [ RunTime:0.010845s ]
INFO: [ view_parse ] --END-- [ RunTime:0.011005s ]
INFO: [ view_filter ] --START--
INFO: Run Behavior\WriteHtmlCacheBehavior [ RunTime:0.000602s ]
INFO: [ view_filter ] --END-- [ RunTime:0.000733s ]
INFO: [ app_end ] --START--
INFO: Run Behavior\ShowPageTraceBehavior [ RunTime:0.000791s ]
INFO: [ app_end ] --END-- [ RunTime:0.000920s ]

[ 2016-08-28T20:45:01+08:00 ] 127.0.0.1 /oop/index.php/home/express/expresslist
INFO: [ app_init ] --START--
INFO: Run Behavior\BuildLiteBehavior [ RunTime:0.000063s ]
INFO: [ app_init ] --END-- [ RunTime:0.000905s ]
INFO: [ app_begin ] --START--
INFO: Run Behavior\ReadHtmlCacheBehavior [ RunTime:0.000989s ]
INFO: [ app_begin ] --END-- [ RunTime:0.001199s ]
SQL: SHOW COLUMNS FROM `content` [ RunTime:0.0008s ]
SQL: SELECT COUNT(*) AS tp_count FROM `content` LIMIT 1   [ RunTime:0.0003s ]
INFO: [ view_parse ] --START--
INFO: [ template_filter ] --START--
INFO: Run Behavior\ContentReplaceBehavior [ RunTime:0.000107s ]
INFO: [ template_filter ] --END-- [ RunTime:0.000280s ]
INFO: Run Behavior\ParseTemplateBehavior [ RunTime:0.009254s ]
INFO: [ view_parse ] --END-- [ RunTime:0.009504s ]
INFO: [ view_filter ] --START--
INFO: Run Behavior\WriteHtmlCacheBehavior [ RunTime:0.000600s ]
INFO: [ view_filter ] --END-- [ RunTime:0.000769s ]
INFO: [ app_end ] --START--
INFO: Run Behavior\ShowPageTraceBehavior [ RunTime:0.000874s ]
INFO: [ app_end ] --END-- [ RunTime:0.001084s ]

[ 2016-08-28T20:45:02+08:00 ] 127.0.0.1 /oop/index.php/Home/Express/showExpress?p=1&name=
INFO: [ app_init ] --START--
INFO: Run Behavior\BuildLiteBehavior [ RunTime:0.000061s ]
INFO: [ app_init ] --END-- [ RunTime:0.000758s ]
INFO: [ app_begin ] --START--
INFO: Run Behavior\ReadHtmlCacheBehavior [ RunTime:0.001338s ]
INFO: [ app_begin ] --END-- [ RunTime:0.001592s ]
SQL: SHOW COLUMNS FROM `content` [ RunTime:0.0008s ]
NOTIC: [8] Undefined variable: where D:\vip8888\1\oop\Application\Home\Controller\ExpressController.class.php 第 29 行.
SQL: SELECT COUNT(*) AS tp_count FROM `content` LIMIT 1   [ RunTime:0.0003s ]
NOTIC: [8] Undefined variable: where D:\vip8888\1\oop\Application\Home\Controller\ExpressController.class.php 第 31 行.
SQL: SELECT * FROM `content` LIMIT 0,4   [ RunTime:0.0004s ]
INFO: [ view_parse ] --START--
INFO: [ template_filter ] --START--
INFO: Run Behavior\ContentReplaceBehavior [ RunTime:0.000175s ]
INFO: [ template_filter ] --END-- [ RunTime:0.000462s ]
INFO: Run Behavior\ParseTemplateBehavior [ RunTime:0.018583s ]
INFO: [ view_parse ] --END-- [ RunTime:0.018823s ]
INFO: [ view_filter ] --START--
INFO: Run Behavior\WriteHtmlCacheBehavior [ RunTime:0.001199s ]
INFO: [ view_filter ] --END-- [ RunTime:0.001462s ]
INFO: [ app_end ] --START--
INFO: Run Behavior\ShowPageTraceBehavior [ RunTime:0.001435s ]
INFO: [ app_end ] --END-- [ RunTime:0.001684s ]

[ 2016-08-28T20:45:05+08:00 ] 127.0.0.1 /oop/index.php/Home/Express/showExpress?p=2&name=
INFO: [ app_init ] --START--
INFO: Run Behavior\BuildLiteBehavior [ RunTime:0.000034s ]
INFO: [ app_init ] --END-- [ RunTime:0.000622s ]
INFO: [ app_begin ] --START--
INFO: Run Behavior\ReadHtmlCacheBehavior [ RunTime:0.000807s ]
INFO: [ app_begin ] --END-- [ RunTime:0.000947s ]
SQL: SHOW COLUMNS FROM `content` [ RunTime:0.0006s ]
NOTIC: [8] Undefined variable: where D:\vip8888\1\oop\Application\Home\Controller\ExpressController.class.php 第 29 行.
SQL: SELECT COUNT(*) AS tp_count FROM `content` LIMIT 1   [ RunTime:0.0002s ]
NOTIC: [8] Undefined variable: where D:\vip8888\1\oop\Application\Home\Controller\ExpressController.class.php 第 31 行.
SQL: SELECT * FROM `content` LIMIT 4,4   [ RunTime:0.0003s ]
INFO: [ view_parse ] --START--
INFO: [ template_filter ] --START--
INFO: Run Behavior\ContentReplaceBehavior [ RunTime:0.000090s ]
INFO: [ template_filter ] --END-- [ RunTime:0.000243s ]
INFO: Run Behavior\ParseTemplateBehavior [ RunTime:0.010693s ]
INFO: [ view_parse ] --END-- [ RunTime:0.010907s ]
INFO: [ view_filter ] --START--
INFO: Run Behavior\WriteHtmlCacheBehavior [ RunTime:0.000572s ]
INFO: [ view_filter ] --END-- [ RunTime:0.000703s ]
INFO: [ app_end ] --START--
INFO: Run Behavior\ShowPageTraceBehavior [ RunTime:0.000794s ]
INFO: [ app_end ] --END-- [ RunTime:0.000923s ]

[ 2016-08-28T20:45:06+08:00 ] 127.0.0.1 /oop/index.php/Home/Express/showExpress?p=1&name=
INFO: [ app_init ] --START--
INFO: Run Behavior\BuildLiteBehavior [ RunTime:0.000034s ]
INFO: [ app_init ] --END-- [ RunTime:0.000609s ]
INFO: [ app_begin ] --START--
INFO: Run Behavior\ReadHtmlCacheBehavior [ RunTime:0.000797s ]
INFO: [ app_begin ] --END-- [ RunTime:0.000935s ]
SQL: SHOW COLUMNS FROM `content` [ RunTime:0.0008s ]
NOTIC: [8] Undefined variable: where D:\vip8888\1\oop\Application\Home\Controller\ExpressController.class.php 第 29 行.
SQL: SELECT COUNT(*) AS tp_count FROM `content` LIMIT 1   [ RunTime:0.0002s ]
NOTIC: [8] Undefined variable: where D:\vip8888\1\oop\Application\Home\Controller\ExpressController.class.php 第 31 行.
SQL: SELECT * FROM `content` LIMIT 0,4   [ RunTime:0.0003s ]
INFO: [ view_parse ] --START--
INFO: [ template_filter ] --START--
INFO: Run Behavior\ContentReplaceBehavior [ RunTime:0.000172s ]
INFO: [ template_filter ] --END-- [ RunTime:0.000426s ]
INFO: Run Behavior\ParseTemplateBehavior [ RunTime:0.012077s ]
INFO: [ view_parse ] --END-- [ RunTime:0.012247s ]
INFO: [ view_filter ] --START--
INFO: Run Behavior\WriteHtmlCacheBehavior [ RunTime:0.000587s ]
INFO: [ view_filter ] --END-- [ RunTime:0.000719s ]
INFO: [ app_end ] --START--
INFO: Run Behavior\ShowPageTraceBehavior [ RunTime:0.001017s ]
INFO: [ app_end ] --END-- [ RunTime:0.001155s ]

[ 2016-08-28T20:45:11+08:00 ] 127.0.0.1 /oop/index.php/Home/Express/showExpress?p=1&name=mf
INFO: [ app_init ] --START--
INFO: Run Behavior\BuildLiteBehavior [ RunTime:0.000034s ]
INFO: [ app_init ] --END-- [ RunTime:0.000612s ]
INFO: [ app_begin ] --START--
INFO: Run Behavior\ReadHtmlCacheBehavior [ RunTime:0.000795s ]
INFO: [ app_begin ] --END-- [ RunTime:0.000931s ]
SQL: SHOW COLUMNS FROM `content` [ RunTime:0.0008s ]
SQL: SELECT COUNT(*) AS tp_count FROM `content` WHERE `uname` LIKE '%mf%' LIMIT 1   [ RunTime:0.0003s ]
SQL: SELECT * FROM `content` WHERE `uname` LIKE '%mf%' LIMIT 0,4   [ RunTime:0.0003s ]
INFO: [ view_parse ] --START--
INFO: [ template_filter ] --START--
INFO: Run Behavior\ContentReplaceBehavior [ RunTime:0.000091s ]
INFO: [ template_filter ] --END-- [ RunTime:0.000237s ]
INFO: Run Behavior\ParseTemplateBehavior [ RunTime:0.010557s ]
INFO: [ view_parse ] --END-- [ RunTime:0.010720s ]
INFO: [ view_filter ] --START--
INFO: Run Behavior\WriteHtmlCacheBehavior [ RunTime:0.000590s ]
INFO: [ view_filter ] --END-- [ RunTime:0.000721s ]
INFO: [ app_end ] --START--
INFO: Run Behavior\ShowPageTraceBehavior [ RunTime:0.000813s ]
INFO: [ app_end ] --END-- [ RunTime:0.000943s ]

[ 2016-08-28T20:46:22+08:00 ] 127.0.0.1 /oop/index.php/home/express/expresslist
INFO: [ app_init ] --START--
INFO: Run Behavior\BuildLiteBehavior [ RunTime:0.000039s ]
INFO: [ app_init ] --END-- [ RunTime:0.000714s ]
INFO: [ app_begin ] --START--
INFO: Run Behavior\ReadHtmlCacheBehavior [ RunTime:0.000847s ]
INFO: [ app_begin ] --END-- [ RunTime:0.001019s ]
SQL: SHOW COLUMNS FROM `content` [ RunTime:0.0009s ]
SQL: SELECT COUNT(*) AS tp_count FROM `content` LIMIT 1   [ RunTime:0.0003s ]
INFO: [ view_parse ] --START--
INFO: [ template_filter ] --START--
INFO: Run Behavior\ContentReplaceBehavior [ RunTime:0.000102s ]
INFO: [ template_filter ] --END-- [ RunTime:0.000262s ]
INFO: Run Behavior\ParseTemplateBehavior [ RunTime:0.009937s ]
INFO: [ view_parse ] --END-- [ RunTime:0.010168s ]
INFO: [ view_filter ] --START--
INFO: Run Behavior\WriteHtmlCacheBehavior [ RunTime:0.000622s ]
INFO: [ view_filter ] --END-- [ RunTime:0.000787s ]
INFO: [ app_end ] --START--
INFO: Run Behavior\ShowPageTraceBehavior [ RunTime:0.000812s ]
INFO: [ app_end ] --END-- [ RunTime:0.000966s ]

[ 2016-08-28T20:46:23+08:00 ] 127.0.0.1 /oop/index.php/Home/Express/showExpress?p=1&name=
INFO: [ app_init ] --START--
INFO: Run Behavior\BuildLiteBehavior [ RunTime:0.000033s ]
INFO: [ app_init ] --END-- [ RunTime:0.000618s ]
INFO: [ app_begin ] --START--
INFO: Run Behavior\ReadHtmlCacheBehavior [ RunTime:0.001115s ]
INFO: [ app_begin ] --END-- [ RunTime:0.001326s ]
SQL: SHOW COLUMNS FROM `content` [ RunTime:0.0007s ]
NOTIC: [8] Undefined variable: where D:\vip8888\1\oop\Application\Home\Controller\ExpressController.class.php 第 29 行.
SQL: SELECT COUNT(*) AS tp_count FROM `content` LIMIT 1   [ RunTime:0.0003s ]
NOTIC: [8] Undefined variable: where D:\vip8888\1\oop\Application\Home\Controller\ExpressController.class.php 第 31 行.
SQL: SELECT * FROM `content` LIMIT 0,4   [ RunTime:0.0004s ]
INFO: [ view_parse ] --START--
INFO: [ template_filter ] --START--
INFO: Run Behavior\ContentReplaceBehavior [ RunTime:0.000089s ]
INFO: [ template_filter ] --END-- [ RunTime:0.000227s ]
INFO: Run Behavior\ParseTemplateBehavior [ RunTime:0.012643s ]
INFO: [ view_parse ] --END-- [ RunTime:0.012874s ]
INFO: [ view_filter ] --START--
INFO: Run Behavior\WriteHtmlCacheBehavior [ RunTime:0.000963s ]
INFO: [ view_filter ] --END-- [ RunTime:0.001206s ]
INFO: [ app_end ] --START--
INFO: Run Behavior\ShowPageTraceBehavior [ RunTime:0.001348s ]
INFO: [ app_end ] --END-- [ RunTime:0.001596s ]

[ 2016-08-28T20:46:29+08:00 ] 127.0.0.1 /oop/index.php/Home/Express/showExpress?p=1&name=m
INFO: [ app_init ] --START--
INFO: Run Behavior\BuildLiteBehavior [ RunTime:0.000033s ]
INFO: [ app_init ] --END-- [ RunTime:0.000585s ]
INFO: [ app_begin ] --START--
INFO: Run Behavior\ReadHtmlCacheBehavior [ RunTime:0.000700s ]
INFO: [ app_begin ] --END-- [ RunTime:0.000834s ]
SQL: SHOW COLUMNS FROM `content` [ RunTime:0.0006s ]
SQL: SELECT COUNT(*) AS tp_count FROM `content` WHERE `uname` LIKE '%m%' LIMIT 1   [ RunTime:0.0003s ]
SQL: SELECT * FROM `content` WHERE `uname` LIKE '%m%' LIMIT 0,4   [ RunTime:0.0003s ]
INFO: [ view_parse ] --START--
INFO: [ template_filter ] --START--
INFO: Run Behavior\ContentReplaceBehavior [ RunTime:0.000086s ]
INFO: [ template_filter ] --END-- [ RunTime:0.000221s ]
INFO: Run Behavior\ParseTemplateBehavior [ RunTime:0.009750s ]
INFO: [ view_parse ] --END-- [ RunTime:0.009894s ]
INFO: [ view_filter ] --START--
INFO: Run Behavior\WriteHtmlCacheBehavior [ RunTime:0.000457s ]
INFO: [ view_filter ] --END-- [ RunTime:0.000578s ]
INFO: [ app_end ] --START--
INFO: Run Behavior\ShowPageTraceBehavior [ RunTime:0.000677s ]
INFO: [ app_end ] --END-- [ RunTime:0.000805s ]

[ 2016-08-28T20:47:24+08:00 ] 127.0.0.1 /oop/index.php/Home/Express/showExpress?p=1&name=m
INFO: [ app_init ] --START--
INFO: Run Behavior\BuildLiteBehavior [ RunTime:0.000034s ]
INFO: [ app_init ] --END-- [ RunTime:0.000617s ]
INFO: [ app_begin ] --START--
INFO: Run Behavior\ReadHtmlCacheBehavior [ RunTime:0.000863s ]
INFO: [ app_begin ] --END-- [ RunTime:0.001014s ]
SQL: SHOW COLUMNS FROM `content` [ RunTime:0.0006s ]
SQL: SELECT COUNT(*) AS tp_count FROM `content` WHERE `uname` LIKE '%m%' LIMIT 1   [ RunTime:0.0003s ]
SQL: SELECT * FROM `content` WHERE `uname` LIKE '%m%' LIMIT 0,4   [ RunTime:0.0002s ]
INFO: [ view_parse ] --START--
INFO: [ template_filter ] --START--
INFO: Run Behavior\ContentReplaceBehavior [ RunTime:0.000096s ]
INFO: [ template_filter ] --END-- [ RunTime:0.000286s ]
INFO: Run Behavior\ParseTemplateBehavior [ RunTime:0.010827s ]
INFO: [ view_parse ] --END-- [ RunTime:0.010991s ]
INFO: [ view_filter ] --START--
INFO: Run Behavior\WriteHtmlCacheBehavior [ RunTime:0.000577s ]
INFO: [ view_filter ] --END-- [ RunTime:0.000709s ]
INFO: [ app_end ] --START--
INFO: Run Behavior\ShowPageTraceBehavior [ RunTime:0.000958s ]
INFO: [ app_end ] --END-- [ RunTime:0.001095s ]

[ 2016-08-28T20:47:28+08:00 ] 127.0.0.1 /oop/index.php/Home/Express/showExpress?p=1&name=m
INFO: [ app_init ] --START--
INFO: Run Behavior\BuildLiteBehavior [ RunTime:0.000034s ]
INFO: [ app_init ] --END-- [ RunTime:0.000586s ]
INFO: [ app_begin ] --START--
INFO: Run Behavior\ReadHtmlCacheBehavior [ RunTime:0.000831s ]
INFO: [ app_begin ] --END-- [ RunTime:0.000986s ]
SQL: SHOW COLUMNS FROM `content` [ RunTime:0.0006s ]
SQL: SELECT COUNT(*) AS tp_count FROM `content` WHERE `uname` LIKE '%m%' LIMIT 1   [ RunTime:0.0003s ]
SQL: SELECT * FROM `content` WHERE `uname` LIKE '%m%' LIMIT 0,4   [ RunTime:0.0003s ]
INFO: [ view_parse ] --START--
INFO: [ template_filter ] --START--
INFO: Run Behavior\ContentReplaceBehavior [ RunTime:0.000094s ]
INFO: [ template_filter ] --END-- [ RunTime:0.000240s ]
INFO: Run Behavior\ParseTemplateBehavior [ RunTime:0.011115s ]
INFO: [ view_parse ] --END-- [ RunTime:0.011274s ]
INFO: [ view_filter ] --START--
INFO: Run Behavior\WriteHtmlCacheBehavior [ RunTime:0.000583s ]
INFO: [ view_filter ] --END-- [ RunTime:0.000714s ]
INFO: [ app_end ] --START--
INFO: Run Behavior\ShowPageTraceBehavior [ RunTime:0.000839s ]
INFO: [ app_end ] --END-- [ RunTime:0.000968s ]

[ 2016-08-28T20:47:28+08:00 ] 127.0.0.1 /oop/index.php/Home/Express/showExpress?p=1&name=m
INFO: [ app_init ] --START--
INFO: Run Behavior\BuildLiteBehavior [ RunTime:0.000046s ]
INFO: [ app_init ] --END-- [ RunTime:0.001252s ]
INFO: [ app_begin ] --START--
INFO: Run Behavior\ReadHtmlCacheBehavior [ RunTime:0.000813s ]
INFO: [ app_begin ] --END-- [ RunTime:0.000956s ]
SQL: SHOW COLUMNS FROM `content` [ RunTime:0.0007s ]
SQL: SELECT COUNT(*) AS tp_count FROM `content` WHERE `uname` LIKE '%m%' LIMIT 1   [ RunTime:0.0003s ]
SQL: SELECT * FROM `content` WHERE `uname` LIKE '%m%' LIMIT 0,4   [ RunTime:0.0004s ]
INFO: [ view_parse ] --START--
INFO: [ template_filter ] --START--
INFO: Run Behavior\ContentReplaceBehavior [ RunTime:0.000098s ]
INFO: [ template_filter ] --END-- [ RunTime:0.000251s ]
INFO: Run Behavior\ParseTemplateBehavior [ RunTime:0.010870s ]
INFO: [ view_parse ] --END-- [ RunTime:0.011033s ]
INFO: [ view_filter ] --START--
INFO: Run Behavior\WriteHtmlCacheBehavior [ RunTime:0.000586s ]
INFO: [ view_filter ] --END-- [ RunTime:0.000719s ]
INFO: [ app_end ] --START--
INFO: Run Behavior\ShowPageTraceBehavior [ RunTime:0.000814s ]
INFO: [ app_end ] --END-- [ RunTime:0.000943s ]

[ 2016-08-28T20:47:35+08:00 ] 127.0.0.1 /oop/index.php/Home/Express/showExpress?p=1&name=m
INFO: [ app_init ] --START--
INFO: Run Behavior\BuildLiteBehavior [ RunTime:0.000041s ]
INFO: [ app_init ] --END-- [ RunTime:0.000632s ]
INFO: [ app_begin ] --START--
INFO: Run Behavior\ReadHtmlCacheBehavior [ RunTime:0.000800s ]
INFO: [ app_begin ] --END-- [ RunTime:0.000938s ]
SQL: SHOW COLUMNS FROM `content` [ RunTime:0.0006s ]
SQL: SELECT COUNT(*) AS tp_count FROM `content` WHERE `uname` LIKE '%m%' LIMIT 1   [ RunTime:0.0003s ]
SQL: SELECT * FROM `content` WHERE `uname` LIKE '%m%' LIMIT 0,4   [ RunTime:0.0003s ]
INFO: [ view_parse ] --START--
INFO: [ template_filter ] --START--
INFO: Run Behavior\ContentReplaceBehavior [ RunTime:0.000090s ]
INFO: [ template_filter ] --END-- [ RunTime:0.000232s ]
INFO: Run Behavior\ParseTemplateBehavior [ RunTime:0.010438s ]
INFO: [ view_parse ] --END-- [ RunTime:0.010597s ]
INFO: [ view_filter ] --START--
INFO: Run Behavior\WriteHtmlCacheBehavior [ RunTime:0.000578s ]
INFO: [ view_filter ] --END-- [ RunTime:0.000708s ]
INFO: [ app_end ] --START--
INFO: Run Behavior\ShowPageTraceBehavior [ RunTime:0.000810s ]
INFO: [ app_end ] --END-- [ RunTime:0.000938s ]

[ 2016-08-28T20:47:36+08:00 ] 127.0.0.1 /oop/index.php/Home/Express/showExpress?p=1&name=m
INFO: [ app_init ] --START--
INFO: Run Behavior\BuildLiteBehavior [ RunTime:0.000033s ]
INFO: [ app_init ] --END-- [ RunTime:0.000624s ]
INFO: [ app_begin ] --START--
INFO: Run Behavior\ReadHtmlCacheBehavior [ RunTime:0.000802s ]
INFO: [ app_begin ] --END-- [ RunTime:0.000938s ]
SQL: SHOW COLUMNS FROM `content` [ RunTime:0.0007s ]
SQL: SELECT COUNT(*) AS tp_count FROM `content` WHERE `uname` LIKE '%m%' LIMIT 1   [ RunTime:0.0003s ]
SQL: SELECT * FROM `content` WHERE `uname` LIKE '%m%' LIMIT 0,4   [ RunTime:0.0003s ]
INFO: [ view_parse ] --START--
INFO: [ template_filter ] --START--
INFO: Run Behavior\ContentReplaceBehavior [ RunTime:0.000089s ]
INFO: [ template_filter ] --END-- [ RunTime:0.000243s ]
INFO: Run Behavior\ParseTemplateBehavior [ RunTime:0.010698s ]
INFO: [ view_parse ] --END-- [ RunTime:0.010858s ]
INFO: [ view_filter ] --START--
INFO: Run Behavior\WriteHtmlCacheBehavior [ RunTime:0.000577s ]
INFO: [ view_filter ] --END-- [ RunTime:0.000709s ]
INFO: [ app_end ] --START--
INFO: Run Behavior\ShowPageTraceBehavior [ RunTime:0.000795s ]
INFO: [ app_end ] --END-- [ RunTime:0.000924s ]

[ 2016-08-28T20:47:36+08:00 ] 127.0.0.1 /oop/index.php/Home/Express/showExpress?p=1&name=m
INFO: [ app_init ] --START--
INFO: Run Behavior\BuildLiteBehavior [ RunTime:0.000034s ]
INFO: [ app_init ] --END-- [ RunTime:0.000638s ]
INFO: [ app_begin ] --START--
INFO: Run Behavior\ReadHtmlCacheBehavior [ RunTime:0.000797s ]
INFO: [ app_begin ] --END-- [ RunTime:0.000932s ]
SQL: SHOW COLUMNS FROM `content` [ RunTime:0.0006s ]
SQL: SELECT COUNT(*) AS tp_count FROM `content` WHERE `uname` LIKE '%m%' LIMIT 1   [ RunTime:0.0003s ]
SQL: SELECT * FROM `content` WHERE `uname` LIKE '%m%' LIMIT 0,4   [ RunTime:0.0003s ]
INFO: [ view_parse ] --START--
INFO: [ template_filter ] --START--
INFO: Run Behavior\ContentReplaceBehavior [ RunTime:0.000157s ]
INFO: [ template_filter ] --END-- [ RunTime:0.000384s ]
INFO: Run Behavior\ParseTemplateBehavior [ RunTime:0.011348s ]
INFO: [ view_parse ] --END-- [ RunTime:0.011510s ]
INFO: [ view_filter ] --START--
INFO: Run Behavior\WriteHtmlCacheBehavior [ RunTime:0.000572s ]
INFO: [ view_filter ] --END-- [ RunTime:0.000715s ]
INFO: [ app_end ] --START--
INFO: Run Behavior\ShowPageTraceBehavior [ RunTime:0.000802s ]
INFO: [ app_end ] --END-- [ RunTime:0.000931s ]

[ 2016-08-28T20:47:42+08:00 ] 127.0.0.1 /oop/index.php/Home/Express/showExpress?p=1&name=m
INFO: [ app_init ] --START--
INFO: Run Behavior\BuildLiteBehavior [ RunTime:0.000036s ]
INFO: [ app_init ] --END-- [ RunTime:0.000596s ]
INFO: [ app_begin ] --START--
INFO: Run Behavior\ReadHtmlCacheBehavior [ RunTime:0.000819s ]
INFO: [ app_begin ] --END-- [ RunTime:0.000962s ]
SQL: SHOW COLUMNS FROM `content` [ RunTime:0.0007s ]
SQL: SELECT COUNT(*) AS tp_count FROM `content` WHERE `uname` LIKE '%m%' LIMIT 1   [ RunTime:0.0004s ]
SQL: SELECT * FROM `content` WHERE `uname` LIKE '%m%' LIMIT 0,4   [ RunTime:0.0003s ]
INFO: [ view_parse ] --START--
INFO: [ template_filter ] --START--
INFO: Run Behavior\ContentReplaceBehavior [ RunTime:0.000091s ]
INFO: [ template_filter ] --END-- [ RunTime:0.000237s ]
INFO: Run Behavior\ParseTemplateBehavior [ RunTime:0.010720s ]
INFO: [ view_parse ] --END-- [ RunTime:0.010891s ]
INFO: [ view_filter ] --START--
INFO: Run Behavior\WriteHtmlCacheBehavior [ RunTime:0.000577s ]
INFO: [ view_filter ] --END-- [ RunTime:0.000707s ]
INFO: [ app_end ] --START--
INFO: Run Behavior\ShowPageTraceBehavior [ RunTime:0.000792s ]
INFO: [ app_end ] --END-- [ RunTime:0.000928s ]

[ 2016-08-28T20:47:42+08:00 ] 127.0.0.1 /oop/index.php/Home/Express/showExpress?p=1&name=m
INFO: [ app_init ] --START--
INFO: Run Behavior\BuildLiteBehavior [ RunTime:0.000035s ]
INFO: [ app_init ] --END-- [ RunTime:0.000593s ]
INFO: [ app_begin ] --START--
INFO: Run Behavior\ReadHtmlCacheBehavior [ RunTime:0.000803s ]
INFO: [ app_begin ] --END-- [ RunTime:0.000941s ]
SQL: SHOW COLUMNS FROM `content` [ RunTime:0.0007s ]
SQL: SELECT COUNT(*) AS tp_count FROM `content` WHERE `uname` LIKE '%m%' LIMIT 1   [ RunTime:0.0003s ]
SQL: SELECT * FROM `content` WHERE `uname` LIKE '%m%' LIMIT 0,4   [ RunTime:0.0003s ]
INFO: [ view_parse ] --START--
INFO: [ template_filter ] --START--
INFO: Run Behavior\ContentReplaceBehavior [ RunTime:0.000088s ]
INFO: [ template_filter ] --END-- [ RunTime:0.000227s ]
INFO: Run Behavior\ParseTemplateBehavior [ RunTime:0.011990s ]
INFO: [ view_parse ] --END-- [ RunTime:0.012163s ]
INFO: [ view_filter ] --START--
INFO: Run Behavior\WriteHtmlCacheBehavior [ RunTime:0.000624s ]
INFO: [ view_filter ] --END-- [ RunTime:0.000768s ]
INFO: [ app_end ] --START--
INFO: Run Behavior\ShowPageTraceBehavior [ RunTime:0.000828s ]
INFO: [ app_end ] --END-- [ RunTime:0.000957s ]

[ 2016-08-28T20:47:48+08:00 ] 127.0.0.1 /oop/index.php/Home/Express/showExpress?p=1&name=m
INFO: [ app_init ] --START--
INFO: Run Behavior\BuildLiteBehavior [ RunTime:0.000035s ]
INFO: [ app_init ] --END-- [ RunTime:0.000613s ]
INFO: [ app_begin ] --START--
INFO: Run Behavior\ReadHtmlCacheBehavior [ RunTime:0.000836s ]
INFO: [ app_begin ] --END-- [ RunTime:0.000972s ]
SQL: SHOW COLUMNS FROM `content` [ RunTime:0.0007s ]
SQL: SELECT COUNT(*) AS tp_count FROM `content` WHERE `uname` LIKE '%m%' LIMIT 1   [ RunTime:0.0004s ]
SQL: SELECT * FROM `content` WHERE `uname` LIKE '%m%' LIMIT 0,4   [ RunTime:0.0003s ]
INFO: [ view_parse ] --START--
INFO: [ template_filter ] --START--
INFO: Run Behavior\ContentReplaceBehavior [ RunTime:0.000086s ]
INFO: [ template_filter ] --END-- [ RunTime:0.000218s ]
INFO: Run Behavior\ParseTemplateBehavior [ RunTime:0.010591s ]
INFO: [ view_parse ] --END-- [ RunTime:0.010740s ]
INFO: [ view_filter ] --START--
INFO: Run Behavior\WriteHtmlCacheBehavior [ RunTime:0.000568s ]
INFO: [ view_filter ] --END-- [ RunTime:0.000707s ]
INFO: [ app_end ] --START--
INFO: Run Behavior\ShowPageTraceBehavior [ RunTime:0.000805s ]
INFO: [ app_end ] --END-- [ RunTime:0.000935s ]

[ 2016-08-28T20:47:52+08:00 ] 127.0.0.1 /oop/index.php/Home/Express/showExpress?p=1&name=m
INFO: [ app_init ] --START--
INFO: Run Behavior\BuildLiteBehavior [ RunTime:0.000056s ]
INFO: [ app_init ] --END-- [ RunTime:0.000845s ]
INFO: [ app_begin ] --START--
INFO: Run Behavior\ReadHtmlCacheBehavior [ RunTime:0.000821s ]
INFO: [ app_begin ] --END-- [ RunTime:0.000961s ]
SQL: SHOW COLUMNS FROM `content` [ RunTime:0.0007s ]
SQL: SELECT COUNT(*) AS tp_count FROM `content` WHERE `uname` LIKE '%m%' LIMIT 1   [ RunTime:0.0003s ]
SQL: SELECT * FROM `content` WHERE `uname` LIKE '%m%' LIMIT 0,4   [ RunTime:0.0003s ]
INFO: [ view_parse ] --START--
INFO: [ template_filter ] --START--
INFO: Run Behavior\ContentReplaceBehavior [ RunTime:0.000085s ]
INFO: [ template_filter ] --END-- [ RunTime:0.000226s ]
INFO: Run Behavior\ParseTemplateBehavior [ RunTime:0.011112s ]
INFO: [ view_parse ] --END-- [ RunTime:0.011304s ]
INFO: [ view_filter ] --START--
INFO: Run Behavior\WriteHtmlCacheBehavior [ RunTime:0.000573s ]
INFO: [ view_filter ] --END-- [ RunTime:0.000696s ]
INFO: [ app_end ] --START--
INFO: Run Behavior\ShowPageTraceBehavior [ RunTime:0.000808s ]
INFO: [ app_end ] --END-- [ RunTime:0.000937s ]

[ 2016-08-28T20:48:38+08:00 ] 127.0.0.1 /oop/index.php/home/express/expresslist
INFO: [ app_init ] --START--
INFO: Run Behavior\BuildLiteBehavior [ RunTime:0.000065s ]
INFO: [ app_init ] --END-- [ RunTime:0.000857s ]
INFO: [ app_begin ] --START--
INFO: Run Behavior\ReadHtmlCacheBehavior [ RunTime:0.000887s ]
INFO: [ app_begin ] --END-- [ RunTime:0.001067s ]
SQL: SHOW COLUMNS FROM `content` [ RunTime:0.0008s ]
SQL: SELECT COUNT(*) AS tp_count FROM `content` LIMIT 1   [ RunTime:0.0003s ]
INFO: [ view_parse ] --START--
INFO: [ template_filter ] --START--
INFO: Run Behavior\ContentReplaceBehavior [ RunTime:0.000172s ]
INFO: [ template_filter ] --END-- [ RunTime:0.000443s ]
INFO: Run Behavior\ParseTemplateBehavior [ RunTime:0.012936s ]
INFO: [ view_parse ] --END-- [ RunTime:0.013168s ]
INFO: [ view_filter ] --START--
INFO: Run Behavior\WriteHtmlCacheBehavior [ RunTime:0.000628s ]
INFO: [ view_filter ] --END-- [ RunTime:0.000789s ]
INFO: [ app_end ] --START--
INFO: Run Behavior\ShowPageTraceBehavior [ RunTime:0.000882s ]
INFO: [ app_end ] --END-- [ RunTime:0.001045s ]

[ 2016-08-28T20:48:38+08:00 ] 127.0.0.1 /oop/index.php/Home/Express/showExpress?p=1&name=
INFO: [ app_init ] --START--
INFO: Run Behavior\BuildLiteBehavior [ RunTime:0.000047s ]
INFO: [ app_init ] --END-- [ RunTime:0.000761s ]
INFO: [ app_begin ] --START--
INFO: Run Behavior\ReadHtmlCacheBehavior [ RunTime:0.000791s ]
INFO: [ app_begin ] --END-- [ RunTime:0.000941s ]
SQL: SHOW COLUMNS FROM `content` [ RunTime:0.0007s ]
NOTIC: [8] Undefined variable: where D:\vip8888\1\oop\Application\Home\Controller\ExpressController.class.php 第 29 行.
SQL: SELECT COUNT(*) AS tp_count FROM `content` LIMIT 1   [ RunTime:0.0003s ]
NOTIC: [8] Undefined variable: where D:\vip8888\1\oop\Application\Home\Controller\ExpressController.class.php 第 31 行.
SQL: SELECT * FROM `content` LIMIT 0,4   [ RunTime:0.0004s ]
INFO: [ view_parse ] --START--
INFO: [ template_filter ] --START--
INFO: Run Behavior\ContentReplaceBehavior [ RunTime:0.000153s ]
INFO: [ template_filter ] --END-- [ RunTime:0.000405s ]
INFO: Run Behavior\ParseTemplateBehavior [ RunTime:0.014256s ]
INFO: [ view_parse ] --END-- [ RunTime:0.014471s ]
INFO: [ view_filter ] --START--
INFO: Run Behavior\WriteHtmlCacheBehavior [ RunTime:0.000669s ]
INFO: [ view_filter ] --END-- [ RunTime:0.000801s ]
INFO: [ app_end ] --START--
INFO: Run Behavior\ShowPageTraceBehavior [ RunTime:0.000823s ]
INFO: [ app_end ] --END-- [ RunTime:0.000954s ]

[ 2016-08-28T20:48:45+08:00 ] 127.0.0.1 /oop/index.php/Home/Express/showExpress?p=1&name=
INFO: [ app_init ] --START--
INFO: Run Behavior\BuildLiteBehavior [ RunTime:0.000035s ]
INFO: [ app_init ] --END-- [ RunTime:0.000591s ]
INFO: [ app_begin ] --START--
INFO: Run Behavior\ReadHtmlCacheBehavior [ RunTime:0.000855s ]
INFO: [ app_begin ] --END-- [ RunTime:0.001004s ]
SQL: SHOW COLUMNS FROM `content` [ RunTime:0.0009s ]
NOTIC: [8] Undefined variable: where D:\vip8888\1\oop\Application\Home\Controller\ExpressController.class.php 第 29 行.
SQL: SELECT COUNT(*) AS tp_count FROM `content` LIMIT 1   [ RunTime:0.0003s ]
NOTIC: [8] Undefined variable: where D:\vip8888\1\oop\Application\Home\Controller\ExpressController.class.php 第 31 行.
SQL: SELECT * FROM `content` LIMIT 0,4   [ RunTime:0.0004s ]
INFO: [ view_parse ] --START--
INFO: [ template_filter ] --START--
INFO: Run Behavior\ContentReplaceBehavior [ RunTime:0.000097s ]
INFO: [ template_filter ] --END-- [ RunTime:0.000238s ]
INFO: Run Behavior\ParseTemplateBehavior [ RunTime:0.012355s ]
INFO: [ view_parse ] --END-- [ RunTime:0.012565s ]
INFO: [ view_filter ] --START--
INFO: Run Behavior\WriteHtmlCacheBehavior [ RunTime:0.000887s ]
INFO: [ view_filter ] --END-- [ RunTime:0.001109s ]
INFO: [ app_end ] --START--
INFO: Run Behavior\ShowPageTraceBehavior [ RunTime:0.001442s ]
INFO: [ app_end ] --END-- [ RunTime:0.001696s ]

[ 2016-08-28T20:48:49+08:00 ] 127.0.0.1 /oop/index.php/Home/Express/showExpress?p=1&name=
INFO: [ app_init ] --START--
INFO: Run Behavior\BuildLiteBehavior [ RunTime:0.000035s ]
INFO: [ app_init ] --END-- [ RunTime:0.000614s ]
INFO: [ app_begin ] --START--
INFO: Run Behavior\ReadHtmlCacheBehavior [ RunTime:0.000813s ]
INFO: [ app_begin ] --END-- [ RunTime:0.000950s ]
SQL: SHOW COLUMNS FROM `content` [ RunTime:0.0007s ]
NOTIC: [8] Undefined variable: where D:\vip8888\1\oop\Application\Home\Controller\ExpressController.class.php 第 29 行.
SQL: SELECT COUNT(*) AS tp_count FROM `content` LIMIT 1   [ RunTime:0.0002s ]
NOTIC: [8] Undefined variable: where D:\vip8888\1\oop\Application\Home\Controller\ExpressController.class.php 第 31 行.
SQL: SELECT * FROM `content` LIMIT 0,4   [ RunTime:0.0003s ]
INFO: [ view_parse ] --START--
INFO: [ template_filter ] --START--
INFO: Run Behavior\ContentReplaceBehavior [ RunTime:0.000093s ]
INFO: [ template_filter ] --END-- [ RunTime:0.000242s ]
INFO: Run Behavior\ParseTemplateBehavior [ RunTime:0.012426s ]
INFO: [ view_parse ] --END-- [ RunTime:0.012638s ]
INFO: [ view_filter ] --START--
INFO: Run Behavior\WriteHtmlCacheBehavior [ RunTime:0.001014s ]
INFO: [ view_filter ] --END-- [ RunTime:0.001227s ]
INFO: [ app_end ] --START--
INFO: Run Behavior\ShowPageTraceBehavior [ RunTime:0.001285s ]
INFO: [ app_end ] --END-- [ RunTime:0.001551s ]

[ 2016-08-28T20:49:01+08:00 ] 127.0.0.1 /oop/index.php/Home/Express/showExpress?p=1&name=m
INFO: [ app_init ] --START--
INFO: Run Behavior\BuildLiteBehavior [ RunTime:0.000040s ]
INFO: [ app_init ] --END-- [ RunTime:0.000608s ]
INFO: [ app_begin ] --START--
INFO: Run Behavior\ReadHtmlCacheBehavior [ RunTime:0.000824s ]
INFO: [ app_begin ] --END-- [ RunTime:0.001001s ]
SQL: SHOW COLUMNS FROM `content` [ RunTime:0.0006s ]
SQL: SELECT COUNT(*) AS tp_count FROM `content` WHERE `uname` LIKE '%m%' LIMIT 1   [ RunTime:0.0003s ]
SQL: SELECT * FROM `content` WHERE `uname` LIKE '%m%' LIMIT 0,4   [ RunTime:0.0003s ]
INFO: [ view_parse ] --START--
INFO: [ template_filter ] --START--
INFO: Run Behavior\ContentReplaceBehavior [ RunTime:0.000085s ]
INFO: [ template_filter ] --END-- [ RunTime:0.000220s ]
INFO: Run Behavior\ParseTemplateBehavior [ RunTime:0.011399s ]
INFO: [ view_parse ] --END-- [ RunTime:0.011546s ]
INFO: [ view_filter ] --START--
INFO: Run Behavior\WriteHtmlCacheBehavior [ RunTime:0.000597s ]
INFO: [ view_filter ] --END-- [ RunTime:0.000721s ]
INFO: [ app_end ] --START--
INFO: Run Behavior\ShowPageTraceBehavior [ RunTime:0.000810s ]
INFO: [ app_end ] --END-- [ RunTime:0.000948s ]

[ 2016-08-28T20:49:10+08:00 ] 127.0.0.1 /oop/index.php/Home/Express/showExpress?p=1&name=m
INFO: [ app_init ] --START--
INFO: Run Behavior\BuildLiteBehavior [ RunTime:0.000035s ]
INFO: [ app_init ] --END-- [ RunTime:0.000687s ]
INFO: [ app_begin ] --START--
INFO: Run Behavior\ReadHtmlCacheBehavior [ RunTime:0.001098s ]
INFO: [ app_begin ] --END-- [ RunTime:0.001262s ]
SQL: SHOW COLUMNS FROM `content` [ RunTime:0.0008s ]
SQL: SELECT COUNT(*) AS tp_count FROM `content` WHERE `uname` LIKE '%m%' LIMIT 1   [ RunTime:0.0006s ]
SQL: SELECT * FROM `content` WHERE `uname` LIKE '%m%' LIMIT 0,4   [ RunTime:0.0004s ]
INFO: [ view_parse ] --START--
INFO: [ template_filter ] --START--
INFO: Run Behavior\ContentReplaceBehavior [ RunTime:0.000089s ]
INFO: [ template_filter ] --END-- [ RunTime:0.000221s ]
INFO: Run Behavior\ParseTemplateBehavior [ RunTime:0.011267s ]
INFO: [ view_parse ] --END-- [ RunTime:0.011416s ]
INFO: [ view_filter ] --START--
INFO: Run Behavior\WriteHtmlCacheBehavior [ RunTime:0.000578s ]
INFO: [ view_filter ] --END-- [ RunTime:0.000701s ]
INFO: [ app_end ] --START--
INFO: Run Behavior\ShowPageTraceBehavior [ RunTime:0.000850s ]
INFO: [ app_end ] --END-- [ RunTime:0.000980s ]

[ 2016-08-28T20:55:23+08:00 ] 127.0.0.1 /oop/index.php/Home/Express/showExpress?p=1&name=
INFO: [ app_init ] --START--
INFO: Run Behavior\BuildLiteBehavior [ RunTime:0.000037s ]
INFO: [ app_init ] --END-- [ RunTime:0.000721s ]
INFO: [ app_begin ] --START--
INFO: Run Behavior\ReadHtmlCacheBehavior [ RunTime:0.000797s ]
INFO: [ app_begin ] --END-- [ RunTime:0.000932s ]
SQL: SHOW COLUMNS FROM `content` [ RunTime:0.0007s ]
NOTIC: [8] Undefined variable: where D:\vip8888\1\oop\Application\Home\Controller\ExpressController.class.php 第 29 行.
SQL: SELECT COUNT(*) AS tp_count FROM `content` LIMIT 1   [ RunTime:0.0003s ]
NOTIC: [8] Undefined variable: where D:\vip8888\1\oop\Application\Home\Controller\ExpressController.class.php 第 31 行.
SQL: SELECT * FROM `content` LIMIT 0,4   [ RunTime:0.0003s ]
INFO: [ view_parse ] --START--
INFO: [ template_filter ] --START--
INFO: Run Behavior\ContentReplaceBehavior [ RunTime:0.000090s ]
INFO: [ template_filter ] --END-- [ RunTime:0.000225s ]
INFO: Run Behavior\ParseTemplateBehavior [ RunTime:0.011241s ]
INFO: [ view_parse ] --END-- [ RunTime:0.011396s ]
INFO: [ view_filter ] --START--
INFO: Run Behavior\WriteHtmlCacheBehavior [ RunTime:0.000566s ]
INFO: [ view_filter ] --END-- [ RunTime:0.000697s ]
INFO: [ app_end ] --START--
INFO: Run Behavior\ShowPageTraceBehavior [ RunTime:0.000815s ]
INFO: [ app_end ] --END-- [ RunTime:0.000942s ]

